<?xml version="1.0" encoding="UTF-8"?>
<testng-results skipped="0" failed="0" ignored="0" total="1" passed="1">
  <reporter-output>
  </reporter-output>
  <suite name="Default suite" duration-ms="30286" started-at="2018-07-13T01:09:14Z" finished-at="2018-07-13T01:09:45Z">
    <groups>
    </groups>
    <test name="Default test" duration-ms="30286" started-at="2018-07-13T01:09:14Z" finished-at="2018-07-13T01:09:45Z">
      <class name="com.billjc.pdrc.service.LoginServiceTest">
        <test-method status="PASS" signature="setUp()[pri:0, instance:com.billjc.pdrc.service.LoginServiceTest@4501b7af]" name="setUp" is-config="true" duration-ms="4085" started-at="2018-07-13T09:09:14Z" finished-at="2018-07-13T09:09:18Z">
          <reporter-output>
          </reporter-output>
        </test-method> <!-- setUp -->
        <test-method status="PASS" signature="login()[pri:0, instance:com.billjc.pdrc.service.LoginServiceTest@4501b7af]" name="login" duration-ms="22588" started-at="2018-07-13T09:09:19Z" finished-at="2018-07-13T09:09:41Z">
          <reporter-output>
          </reporter-output>
        </test-method> <!-- login -->
        <test-method status="PASS" signature="tearDown()[pri:0, instance:com.billjc.pdrc.service.LoginServiceTest@4501b7af]" name="tearDown" is-config="true" duration-ms="3594" started-at="2018-07-13T09:09:41Z" finished-at="2018-07-13T09:09:45Z">
          <reporter-output>
          </reporter-output>
        </test-method> <!-- tearDown -->
      </class> <!-- com.billjc.pdrc.service.LoginServiceTest -->
    </test> <!-- Default test -->
  </suite> <!-- Default suite -->
</testng-results>
