<?xml version="1.0" encoding="UTF-8"?>
<testng-results skipped="0" failed="0" ignored="0" total="1" passed="1">
  <reporter-output>
  </reporter-output>
  <suite name="Default suite" duration-ms="4132" started-at="2018-07-10T09:43:46Z" finished-at="2018-07-10T09:43:50Z">
    <groups>
    </groups>
    <test name="Default test" duration-ms="4132" started-at="2018-07-10T09:43:46Z" finished-at="2018-07-10T09:43:50Z">
      <class name="com.test.CustomerTest">
        <test-method status="PASS" signature="testChrome()[pri:0, instance:com.test.CustomerTest@d8355a8]" name="testChrome" duration-ms="4116" started-at="2018-07-10T17:43:46Z" finished-at="2018-07-10T17:43:50Z">
          <reporter-output>
          </reporter-output>
        </test-method> <!-- testChrome -->
      </class> <!-- com.test.CustomerTest -->
    </test> <!-- Default test -->
  </suite> <!-- Default suite -->
</testng-results>
